0.483899
350
720000
600 1200
15.03
abk5a 500 0 600 200
bk3b 0 0 200 100
bk2b 400 1000 500 1200
bk1b 300 900 400 1200
bk5a 200 600 300 800
bk4a 0 600 100 900
bk3a 100 100 200 300
bk2a 300 100 500 200
bk1a 0 300 100 600
bk5 200 1000 300 1200
bk4 400 500 500 800
bk3 400 300 500 500
bk2 300 300 400 500
bk1 300 500 400 800
bk4b 500 500 600 800
bk5b 400 800 500 1000
bk1c 200 300 300 600
bk2c 100 1000 200 1200
bk3c 300 200 500 300
bk4c 100 500 200 800
bk5c 0 100 100 300
abk1 200 0 500 100
abk2 500 800 600 1000
abk3 100 900 300 1000
abk4 0 900 100 1200
abk5 500 1000 600 1200
abk1a 100 800 400 900
abk2a 100 300 200 500
abk3a 200 100 300 300
aabk4a 500 200 600 500
