0.330482
302
201637728
16188 12456
38.052
clk 0 3766 826 4052
cc_24 546 462 3732 2294
cc_23 5012 7380 6844 10566
cc_22 5100 10614 8286 12446
cc_21 1826 5606 5012 7438
cc_14 2694 3780 5840 5606
cc_13 0 4152 1826 7298
cc_12 13012 5000 16158 6826
cc_11 9296 5562 12442 7388
abk5a 0 4052 200 4152
aabk4a 4238 1708 4338 2008
abk3a 9044 7388 9144 7588
abk2a 8286 10914 8386 11114
abk1a 8552 8516 8852 8616
abk5 8944 7974 9044 8174
abk4 8448 5000 8748 5100
abk3 11528 5100 11728 5200
abk2 546 2294 746 2394
abk1 2946 2294 3246 2394
cmp3 546 2394 756 3374
cmp2 5840 3688 6050 4668
cmp1 11528 5200 12508 5410
clkd 3732 322 4110 1022
clkc 4584 1708 5620 2170
pps 0 0 3080 462
ppd 5840 5406 7856 5658
nps 8448 5100 11528 5562
npd 10918 9260 11170 11276
cntu 5012 6834 8316 7380
cntd 0 462 546 3766
M049 8552 7774 8944 8516
M048 9576 7920 10304 9222
M047 3772 2294 4584 2728
M046 12508 5200 13012 6404
M045 1484 2294 2646 2966
M044 14108 6826 15410 7456
M043 9396 7388 10306 7920
M042 8248 5000 8416 5378
M041 7980 5826 8344 6680
M040 5012 5606 5404 6474
M039 8552 6990 8916 7774
M038 10162 9260 10610 10226
M037 12890 6826 14108 7386
M036 12442 6404 12890 7398
M005 9044 7974 9576 9360
M004 8552 9360 10162 12440
M003 5796 5826 7980 6834
M002 4110 0 5664 672
M001 6844 7380 8552 10614
bk5c 5000 10566 5100 10766
bk4c 8316 6990 8416 7290
bk3c 8248 5378 8448 5478
bk2c 5840 4668 5940 4868
bk1c 5620 2492 5720 2792
bk5b 3832 1022 3932 1222
bk4b 11180 5000 11480 5100
bk3b 3772 2728 3972 2828
bk2b 8944 7774 9044 7974
bk1b 8286 10614 8386 10914
bk5a 3732 1022 3832 1222
bb 6180 0 11180 5000
bb1 11188 7456 16188 12456
bb2 0 7438 5000 12438
bb3 11180 0 16180 5000
bk1 2646 2294 2946 2394
bk2 2694 2494 2894 2594
bk3 2694 2594 2894 2694
bk4 2646 2394 2946 2494
bk5 15410 6826 15610 6926
bk1a 3246 2294 3546 2394
bk2a 4238 1064 4338 1264
bk3a 3932 1022 4032 1222
bk4a 9296 7388 9396 7688
M006 10306 7398 11188 9260
M007 1826 2966 2694 3316
M008 4338 1064 5584 1708
M009 826 3596 1806 4058
M010 5664 0 5958 616
M011 1826 4450 2652 4828
M012 5940 5000 6738 5406
M013 5620 1820 5886 2492
M014 4976 3282 5900 3688
M015 3832 1222 4238 2062
M016 3080 0 3878 322
M017 2694 2828 3086 3584
M018 5404 5606 5796 6684
M019 7856 5000 8248 5826
M020 10610 9260 10862 10058
M021 2946 2394 3772 2786
M022 8344 6626 9296 6990
M023 4976 2792 6110 3282
M024 8448 5562 8714 6360
M025 4584 2170 5368 2492
M026 1826 4100 2554 4450
M027 10554 10226 10918 11066
M028 8714 5562 9232 6626
M029 10162 11276 11156 11766
M030 756 2294 1484 3596
M031 10162 10226 10554 11276
M032 1826 3316 2204 4100
M033 3086 2828 4976 3780
M034 5620 672 6180 1820
M035 4110 672 4964 1064
