0.444335
72457
1264200
1204 1050
23.598
bk9d 175 791 294 875
bk9c 175 910 532 1029
bk9b 119 672 238 791
bk9a 294 777 476 896
bk16 203 336 322 462
bk15b 0 126 119 462
bk15a 378 399 497 665
bk14c 329 280 490 399
bk14b 259 462 378 756
bk14a 378 0 574 119
bk13 574 0 1071 140
bk12 329 140 735 280
bk11 0 840 175 959
bk10c 119 623 238 672
bk10b 119 462 259 623
bk10a 0 462 119 840
bk1 735 140 1071 273
bk17a 497 595 868 777
bk17b 868 413 1071 595
bk18 868 595 1071 777
bk19 119 336 203 455
bk2 1071 0 1204 294
bk20 497 413 847 595
bk21 532 910 847 1050
bk3 476 777 791 910
bk4 497 280 1057 413
bk5a 1071 294 1204 434
bk5b 1071 434 1204 609
bk5c 791 777 1022 910
bk6 1071 609 1204 924
bk7 1022 924 1204 1022
bk8a 119 126 329 336
bk8b 0 0 378 126
