0.369924
775222
38896200
5292 7350
78.983
M049 1806 672 2198 1414
M048 2632 378 3360 1680
M047 2198 672 2632 1484
M046 1302 728 1806 1932
M045 630 728 1302 1890
M044 0 728 630 2030
M043 0 4242 532 5152
M042 1414 2772 1792 2940
M041 952 4606 1316 5460
M040 560 4606 952 5474
M039 448 5474 812 6258
M038 0 5152 448 6118
M037 0 3024 560 4242
M036 560 2884 1008 3878
M035 560 2030 952 2884
M034 812 5488 1960 6048
M033 0 6258 1890 7210
M032 1890 6258 2268 7042
M031 1806 2212 2856 2604
M030 0 0 1302 728
M013 2100 0 2366 672
M012 1302 0 2100 406
M011 2366 0 3192 378
M010 2198 1680 2814 1974
M009 2506 3234 2968 4214
M008 2562 4242 3206 5488
M007 3206 4242 3556 5110
M006 2268 5488 3150 7350
M005 3150 5488 3682 6874
M004 3682 4242 5292 7322
M003 2968 3234 5152 4242
M002 2856 1680 3528 3234
M001 3528 0 5236 3234
M014 560 3878 1484 4284
M015 1008 3010 1414 3850
M016 1414 2940 1736 3738
M017 1750 3122 2506 3514
M018 1008 1932 1400 3010
M019 2002 3514 2394 4340
M020 1750 3738 2002 4536
M021 1316 4606 1708 5432
M022 1708 4536 2072 5488
M023 2072 4340 2562 5474
M024 1484 3738 1750 4536
M025 560 4284 1344 4606
M026 1806 1484 2156 2212
M027 1400 1932 1764 2772
M028 1792 2604 2856 3122
M029 0 2030 490 3024
